{
  "RSpec": {
    "coverage": {
      "C:/Sites/demo_app/app/helpers/application_helper.rb": [
        1,
        1,
        47,
        47,
        9,
        null,
        38,
        null,
        null,
        null
      ],
      "C:/Sites/demo_app/app/helpers/blogs_helper.rb": [
        1,
        null
      ],
      "C:/Sites/demo_app/app/helpers/sessions_helper.rb": [
        1,
        null,
        1,
        null,
        null,
        18,
        18,
        null,
        null,
        1,
        18,
        null,
        null,
        1,
        null,
        null,
        112,
        null,
        null,
        1,
        56,
        null,
        null,
        null,
        null,
        1,
        0,
        0,
        null,
        null,
        null
      ],
      "C:/Sites/demo_app/app/helpers/users_helper.rb": [
        1,
        null,
        1,
        30,
        30,
        30,
        null,
        null,
        null
      ],
      "C:/Sites/demo_app/app/controllers/users_controller.rb": [
        1,
        null,
        1,
        null,
        1,
        7,
        null,
        null,
        1,
        20,
        null,
        null,
        1,
        5,
        5,
        4,
        4,
        null,
        4,
        null,
        1,
        null,
        null,
        null,
        1,
        9,
        null,
        null,
        1,
        6,
        6,
        null,
        5,
        5,
        5,
        null,
        1,
        null,
        null,
        null,
        1,
        1,
        11,
        null,
        null,
        1,
        null,
        null,
        9,
        null,
        null,
        null
      ],
      "C:/Sites/demo_app/app/controllers/application_controller.rb": [
        1,
        null,
        null,
        1,
        1,
        null
      ],
      "C:/Sites/demo_app/app/models/user.rb": [
        1,
        1,
        null,
        21,
        null,
        1,
        null,
        null,
        null,
        null,
        1,
        66,
        110,
        22,
        null,
        null,
        1,
        1,
        1,
        null,
        null,
        1,
        1,
        null,
        1,
        null,
        null,
        null,
        null,
        0,
        null,
        null,
        1,
        1,
        20,
        null,
        null,
        null,
        null
      ],
      "C:/Sites/demo_app/app/controllers/blogs_controller.rb": [
        1,
        null,
        1,
        null,
        null,
        1,
        null,
        null,
        1,
        null,
        null,
        1,
        null,
        0,
        null,
        null,
        null,
        null
      ],
      "C:/Sites/demo_app/app/controllers/sessions_controller.rb": [
        1,
        null,
        1,
        9,
        9,
        9,
        9,
        null,
        null,
        0,
        0,
        null,
        null,
        null,
        1,
        0,
        0,
        null,
        null,
        null
      ]
    },
    "timestamp": 1405862525
  }
}
